2022-02-17 20:05:22,109:INFO:Initializing load_model()
2022-02-17 20:05:22,110:INFO:load_model(model_name=model, platform=None, authentication=None, verbose=True)
2022-02-17 20:09:14,912:INFO:Initializing load_model()
2022-02-17 20:09:14,914:INFO:load_model(model_name=model, platform=None, authentication=None, verbose=True)
2022-02-17 20:09:17,558:INFO:Initializing load_model()
2022-02-17 20:09:17,559:INFO:load_model(model_name=model, platform=None, authentication=None, verbose=True)
2022-02-17 20:09:18,424:INFO:Initializing load_model()
2022-02-17 20:09:18,427:INFO:load_model(model_name=model, platform=None, authentication=None, verbose=True)
2022-02-17 20:09:23,261:INFO:Initializing load_model()
2022-02-17 20:09:23,263:INFO:load_model(model_name=model, platform=None, authentication=None, verbose=True)
2022-02-17 20:09:24,850:INFO:Initializing load_model()
2022-02-17 20:09:24,854:INFO:load_model(model_name=model, platform=None, authentication=None, verbose=True)
2022-02-17 20:09:29,101:INFO:Initializing load_model()
2022-02-17 20:09:29,103:INFO:load_model(model_name=model, platform=None, authentication=None, verbose=True)
2022-02-17 20:09:31,778:INFO:Initializing load_model()
2022-02-17 20:09:31,779:INFO:load_model(model_name=model, platform=None, authentication=None, verbose=True)
2022-02-17 20:09:34,811:INFO:Initializing load_model()
2022-02-17 20:09:34,818:INFO:load_model(model_name=model, platform=None, authentication=None, verbose=True)
2022-02-17 20:09:41,450:INFO:Initializing load_model()
2022-02-17 20:09:41,455:INFO:load_model(model_name=model, platform=None, authentication=None, verbose=True)
2022-02-17 20:09:50,942:INFO:Initializing load_model()
2022-02-17 20:09:50,945:INFO:load_model(model_name=model, platform=None, authentication=None, verbose=True)
2022-02-17 20:10:06,466:INFO:Initializing load_model()
2022-02-17 20:10:06,468:INFO:load_model(model_name=model, platform=None, authentication=None, verbose=True)
2022-02-17 20:10:08,859:INFO:Initializing load_model()
2022-02-17 20:10:08,860:INFO:load_model(model_name=model, platform=None, authentication=None, verbose=True)
2022-02-17 20:10:09,262:INFO:Initializing predict_model()
2022-02-17 20:10:09,263:INFO:predict_model(estimator=Pipeline(steps=[('dtypes',
                 DataTypes_Auto_infer(ml_usecase='classification',
                                      numerical_features=['yearsAtCompany'],
                                      target='turnover')),
                ('imputer',
                 Simple_Imputer(categorical_strategy='not_available',
                                fill_value_categorical=None,
                                fill_value_numerical=None,
                                numeric_strategy='mean',
                                target_variable=None)),
                ('new_levels1',
                 New_Catagorical_Levels_in_TestData(rep...
                ('P_transform', 'passthrough'), ('binn', 'passthrough'),
                ('rem_outliers', 'passthrough'), ('cluster_all', 'passthrough'),
                ('dummy', Dummify(target='turnover')),
                ('fix_perfect', Remove_100(target='turnover')),
                ('clean_names', Clean_Colum_Names()),
                ('feature_select', 'passthrough'), ('fix_multi', 'passthrough'),
                ('dfs', 'passthrough'), ('pca', 'passthrough'),
                ['trained_model',
                 GradientBoostingClassifier(random_state=570)]]), probability_threshold=None, encoded_labels=False, raw_score=False, round=4, verbose=True, ml_usecase=MLUsecase.CLASSIFICATION, display=None)
2022-02-17 20:10:09,275:INFO:Checking exceptions
2022-02-17 20:10:09,276:INFO:Preloading libraries
2022-02-17 20:11:32,265:INFO:Initializing load_model()
2022-02-17 20:11:32,270:INFO:load_model(model_name=model, platform=None, authentication=None, verbose=True)
2022-02-17 20:11:32,532:INFO:Initializing predict_model()
2022-02-17 20:11:32,535:INFO:predict_model(estimator=Pipeline(steps=[('dtypes',
                 DataTypes_Auto_infer(ml_usecase='classification',
                                      numerical_features=['yearsAtCompany'],
                                      target='turnover')),
                ('imputer',
                 Simple_Imputer(categorical_strategy='not_available',
                                fill_value_categorical=None,
                                fill_value_numerical=None,
                                numeric_strategy='mean',
                                target_variable=None)),
                ('new_levels1',
                 New_Catagorical_Levels_in_TestData(rep...
                ('P_transform', 'passthrough'), ('binn', 'passthrough'),
                ('rem_outliers', 'passthrough'), ('cluster_all', 'passthrough'),
                ('dummy', Dummify(target='turnover')),
                ('fix_perfect', Remove_100(target='turnover')),
                ('clean_names', Clean_Colum_Names()),
                ('feature_select', 'passthrough'), ('fix_multi', 'passthrough'),
                ('dfs', 'passthrough'), ('pca', 'passthrough'),
                ['trained_model',
                 GradientBoostingClassifier(random_state=570)]]), probability_threshold=None, encoded_labels=False, raw_score=False, round=4, verbose=True, ml_usecase=MLUsecase.CLASSIFICATION, display=None)
2022-02-17 20:11:32,546:INFO:Checking exceptions
2022-02-17 20:11:32,549:INFO:Preloading libraries
2022-02-17 20:12:09,435:INFO:Initializing load_model()
2022-02-17 20:12:09,436:INFO:load_model(model_name=model, platform=None, authentication=None, verbose=True)
2022-02-17 20:12:16,391:INFO:Initializing load_model()
2022-02-17 20:12:16,392:INFO:load_model(model_name=model, platform=None, authentication=None, verbose=True)
2022-02-17 20:12:22,359:INFO:Initializing load_model()
2022-02-17 20:12:22,360:INFO:load_model(model_name=model, platform=None, authentication=None, verbose=True)
2022-02-17 20:12:25,341:INFO:Initializing load_model()
2022-02-17 20:12:25,343:INFO:load_model(model_name=model, platform=None, authentication=None, verbose=True)
2022-02-17 20:12:27,695:INFO:Initializing load_model()
2022-02-17 20:12:27,697:INFO:load_model(model_name=model, platform=None, authentication=None, verbose=True)
2022-02-17 20:12:27,857:INFO:Initializing predict_model()
2022-02-17 20:12:27,859:INFO:predict_model(estimator=Pipeline(steps=[('dtypes',
                 DataTypes_Auto_infer(ml_usecase='classification',
                                      numerical_features=['yearsAtCompany'],
                                      target='turnover')),
                ('imputer',
                 Simple_Imputer(categorical_strategy='not_available',
                                fill_value_categorical=None,
                                fill_value_numerical=None,
                                numeric_strategy='mean',
                                target_variable=None)),
                ('new_levels1',
                 New_Catagorical_Levels_in_TestData(rep...
                ('P_transform', 'passthrough'), ('binn', 'passthrough'),
                ('rem_outliers', 'passthrough'), ('cluster_all', 'passthrough'),
                ('dummy', Dummify(target='turnover')),
                ('fix_perfect', Remove_100(target='turnover')),
                ('clean_names', Clean_Colum_Names()),
                ('feature_select', 'passthrough'), ('fix_multi', 'passthrough'),
                ('dfs', 'passthrough'), ('pca', 'passthrough'),
                ['trained_model',
                 GradientBoostingClassifier(random_state=570)]]), probability_threshold=None, encoded_labels=False, raw_score=False, round=4, verbose=True, ml_usecase=MLUsecase.CLASSIFICATION, display=None)
2022-02-17 20:12:27,870:INFO:Checking exceptions
2022-02-17 20:12:27,875:INFO:Preloading libraries
2022-02-17 20:13:10,154:INFO:Initializing load_model()
2022-02-17 20:13:10,155:INFO:load_model(model_name=model, platform=None, authentication=None, verbose=True)
2022-02-17 20:13:21,664:INFO:Initializing load_model()
2022-02-17 20:13:21,665:INFO:load_model(model_name=model, platform=None, authentication=None, verbose=True)
2022-02-17 20:13:26,471:INFO:Initializing load_model()
2022-02-17 20:13:26,474:INFO:load_model(model_name=model, platform=None, authentication=None, verbose=True)
2022-02-17 20:13:29,254:INFO:Initializing load_model()
2022-02-17 20:13:29,256:INFO:load_model(model_name=model, platform=None, authentication=None, verbose=True)
2022-02-17 20:13:29,506:INFO:Initializing predict_model()
2022-02-17 20:13:29,511:INFO:predict_model(estimator=Pipeline(steps=[('dtypes',
                 DataTypes_Auto_infer(ml_usecase='classification',
                                      numerical_features=['yearsAtCompany'],
                                      target='turnover')),
                ('imputer',
                 Simple_Imputer(categorical_strategy='not_available',
                                fill_value_categorical=None,
                                fill_value_numerical=None,
                                numeric_strategy='mean',
                                target_variable=None)),
                ('new_levels1',
                 New_Catagorical_Levels_in_TestData(rep...
                ('P_transform', 'passthrough'), ('binn', 'passthrough'),
                ('rem_outliers', 'passthrough'), ('cluster_all', 'passthrough'),
                ('dummy', Dummify(target='turnover')),
                ('fix_perfect', Remove_100(target='turnover')),
                ('clean_names', Clean_Colum_Names()),
                ('feature_select', 'passthrough'), ('fix_multi', 'passthrough'),
                ('dfs', 'passthrough'), ('pca', 'passthrough'),
                ['trained_model',
                 GradientBoostingClassifier(random_state=570)]]), probability_threshold=None, encoded_labels=False, raw_score=False, round=4, verbose=True, ml_usecase=MLUsecase.CLASSIFICATION, display=None)
2022-02-17 20:13:29,519:INFO:Checking exceptions
2022-02-17 20:13:29,520:INFO:Preloading libraries
2022-02-22 01:44:43,924:INFO:Initializing load_model()
2022-02-22 01:44:43,925:INFO:load_model(model_name=model, platform=None, authentication=None, verbose=True)
2022-02-22 09:18:03,356:INFO:Initializing load_model()
2022-02-22 09:18:03,357:INFO:load_model(model_name=model, platform=None, authentication=None, verbose=True)
2022-02-22 09:48:04,949:INFO:Initializing load_model()
2022-02-22 09:48:04,950:INFO:load_model(model_name=model, platform=None, authentication=None, verbose=True)
2022-02-22 09:50:53,145:INFO:Initializing load_model()
2022-02-22 09:50:53,154:INFO:load_model(model_name=model, platform=None, authentication=None, verbose=True)
2022-02-22 09:50:57,214:INFO:Initializing load_model()
2022-02-22 09:50:57,216:INFO:load_model(model_name=model, platform=None, authentication=None, verbose=True)
2022-02-22 09:50:58,209:INFO:Initializing load_model()
2022-02-22 09:50:58,210:INFO:load_model(model_name=model, platform=None, authentication=None, verbose=True)
2022-02-22 09:51:11,269:INFO:Initializing load_model()
2022-02-22 09:51:11,270:INFO:load_model(model_name=model, platform=None, authentication=None, verbose=True)
2022-02-22 09:51:12,703:INFO:Initializing load_model()
2022-02-22 09:51:12,705:INFO:load_model(model_name=model, platform=None, authentication=None, verbose=True)
2022-02-22 09:51:17,030:INFO:Initializing load_model()
2022-02-22 09:51:17,031:INFO:load_model(model_name=model, platform=None, authentication=None, verbose=True)
2022-02-22 09:51:18,282:INFO:Initializing load_model()
2022-02-22 09:51:18,284:INFO:load_model(model_name=model, platform=None, authentication=None, verbose=True)
2022-02-22 09:51:29,972:INFO:Initializing load_model()
2022-02-22 09:51:29,975:INFO:load_model(model_name=model, platform=None, authentication=None, verbose=True)
2022-02-22 09:51:36,534:INFO:Initializing load_model()
2022-02-22 09:51:36,543:INFO:load_model(model_name=model, platform=None, authentication=None, verbose=True)
2022-02-22 09:51:40,838:INFO:Initializing load_model()
2022-02-22 09:51:40,839:INFO:load_model(model_name=model, platform=None, authentication=None, verbose=True)
2022-02-22 09:51:41,630:INFO:Initializing load_model()
2022-02-22 09:51:41,631:INFO:load_model(model_name=model, platform=None, authentication=None, verbose=True)
2022-02-22 09:51:41,893:INFO:Initializing predict_model()
2022-02-22 09:51:41,895:INFO:predict_model(estimator=Pipeline(steps=[('dtypes',
                 DataTypes_Auto_infer(ml_usecase='classification',
                                      numerical_features=['averageMonthlyHours',
                                                          'yearsAtCompany'],
                                      target='turnover')),
                ('imputer',
                 Simple_Imputer(categorical_strategy='not_available',
                                fill_value_categorical=None,
                                fill_value_numerical=None,
                                numeric_strategy='mean',
                                target_variable=None)),
                ('new_levels1',
                 New_Catagorical_...
                ('rem_outliers', 'passthrough'), ('cluster_all', 'passthrough'),
                ('dummy', Dummify(target='turnover')),
                ('fix_perfect', Remove_100(target='turnover')),
                ('clean_names', Clean_Colum_Names()),
                ('feature_select', 'passthrough'), ('fix_multi', 'passthrough'),
                ('dfs', 'passthrough'), ('pca', 'passthrough'),
                ['trained_model',
                 GradientBoostingClassifier(random_state=8944)]]), probability_threshold=None, encoded_labels=False, raw_score=False, round=4, verbose=True, ml_usecase=MLUsecase.CLASSIFICATION, display=None)
2022-02-22 09:51:41,906:INFO:Checking exceptions
2022-02-22 09:51:41,916:INFO:Preloading libraries
